C:\Users\sr90112\Desktop\ShipApp\ShipApp\ClientApp\dist\out-tsc\e2e\src\app.po.js
C:\Users\sr90112\Desktop\ShipApp\ShipApp\ClientApp\dist\out-tsc\e2e\src\app.po.js.map
C:\Users\sr90112\Desktop\ShipApp\ShipApp\ClientApp\dist\out-tsc\e2e\src\app.e2e-spec.js
C:\Users\sr90112\Desktop\ShipApp\ShipApp\ClientApp\dist\out-tsc\e2e\src\app.e2e-spec.js.map
C:\Users\sr90112\Desktop\ShipApp\ShipApp\ClientApp\dist\out-tsc\src\environments\environment.js
C:\Users\sr90112\Desktop\ShipApp\ShipApp\ClientApp\dist\out-tsc\src\environments\environment.js.map
C:\Users\sr90112\Desktop\ShipApp\ShipApp\ClientApp\dist\out-tsc\src\app\models\ship.js
C:\Users\sr90112\Desktop\ShipApp\ShipApp\ClientApp\dist\out-tsc\src\app\models\ship.js.map
C:\Users\sr90112\Desktop\ShipApp\ShipApp\ClientApp\dist\out-tsc\src\app\services\ship\ship.service.js
C:\Users\sr90112\Desktop\ShipApp\ShipApp\ClientApp\dist\out-tsc\src\app\services\ship\ship.service.js.map
C:\Users\sr90112\Desktop\ShipApp\ShipApp\ClientApp\dist\out-tsc\src\app\ships\ships.component.js
C:\Users\sr90112\Desktop\ShipApp\ShipApp\ClientApp\dist\out-tsc\src\app\ships\ships.component.js.map
C:\Users\sr90112\Desktop\ShipApp\ShipApp\ClientApp\dist\out-tsc\src\app\ship-add-edit\ship-add-edit.component.js
C:\Users\sr90112\Desktop\ShipApp\ShipApp\ClientApp\dist\out-tsc\src\app\ship-add-edit\ship-add-edit.component.js.map
C:\Users\sr90112\Desktop\ShipApp\ShipApp\ClientApp\dist\out-tsc\src\app\models\user.js
C:\Users\sr90112\Desktop\ShipApp\ShipApp\ClientApp\dist\out-tsc\src\app\models\user.js.map
C:\Users\sr90112\Desktop\ShipApp\ShipApp\ClientApp\dist\out-tsc\src\app\services\login\login.service.js
C:\Users\sr90112\Desktop\ShipApp\ShipApp\ClientApp\dist\out-tsc\src\app\services\login\login.service.js.map
C:\Users\sr90112\Desktop\ShipApp\ShipApp\ClientApp\dist\out-tsc\src\app\register\register.component.js
C:\Users\sr90112\Desktop\ShipApp\ShipApp\ClientApp\dist\out-tsc\src\app\register\register.component.js.map
C:\Users\sr90112\Desktop\ShipApp\ShipApp\ClientApp\dist\out-tsc\src\app\login\login.component.js
C:\Users\sr90112\Desktop\ShipApp\ShipApp\ClientApp\dist\out-tsc\src\app\login\login.component.js.map
C:\Users\sr90112\Desktop\ShipApp\ShipApp\ClientApp\dist\out-tsc\src\app\app-routing.module.js
C:\Users\sr90112\Desktop\ShipApp\ShipApp\ClientApp\dist\out-tsc\src\app\app-routing.module.js.map
C:\Users\sr90112\Desktop\ShipApp\ShipApp\ClientApp\dist\out-tsc\src\app\app.component.js
C:\Users\sr90112\Desktop\ShipApp\ShipApp\ClientApp\dist\out-tsc\src\app\app.component.js.map
C:\Users\sr90112\Desktop\ShipApp\ShipApp\ClientApp\dist\out-tsc\src\app\app.module.js
C:\Users\sr90112\Desktop\ShipApp\ShipApp\ClientApp\dist\out-tsc\src\app\app.module.js.map
C:\Users\sr90112\Desktop\ShipApp\ShipApp\ClientApp\dist\out-tsc\src\main.js
C:\Users\sr90112\Desktop\ShipApp\ShipApp\ClientApp\dist\out-tsc\src\main.js.map
C:\Users\sr90112\Desktop\ShipApp\ShipApp\ClientApp\dist\out-tsc\src\polyfills.js
C:\Users\sr90112\Desktop\ShipApp\ShipApp\ClientApp\dist\out-tsc\src\polyfills.js.map
C:\Users\sr90112\Desktop\ShipApp\ShipApp\ClientApp\dist\out-tsc\src\test.js
C:\Users\sr90112\Desktop\ShipApp\ShipApp\ClientApp\dist\out-tsc\src\test.js.map
C:\Users\sr90112\Desktop\ShipApp\ShipApp\ClientApp\dist\out-tsc\src\app\app.component.spec.js
C:\Users\sr90112\Desktop\ShipApp\ShipApp\ClientApp\dist\out-tsc\src\app\app.component.spec.js.map
C:\Users\sr90112\Desktop\ShipApp\ShipApp\ClientApp\dist\out-tsc\src\app\login\login.component.spec.js
C:\Users\sr90112\Desktop\ShipApp\ShipApp\ClientApp\dist\out-tsc\src\app\login\login.component.spec.js.map
C:\Users\sr90112\Desktop\ShipApp\ShipApp\ClientApp\dist\out-tsc\src\app\register\register.component.spec.js
C:\Users\sr90112\Desktop\ShipApp\ShipApp\ClientApp\dist\out-tsc\src\app\register\register.component.spec.js.map
C:\Users\sr90112\Desktop\ShipApp\ShipApp\ClientApp\dist\out-tsc\src\app\services\login\login.service.spec.js
C:\Users\sr90112\Desktop\ShipApp\ShipApp\ClientApp\dist\out-tsc\src\app\services\login\login.service.spec.js.map
C:\Users\sr90112\Desktop\ShipApp\ShipApp\ClientApp\dist\out-tsc\src\app\services\register\register.service.js
C:\Users\sr90112\Desktop\ShipApp\ShipApp\ClientApp\dist\out-tsc\src\app\services\register\register.service.js.map
C:\Users\sr90112\Desktop\ShipApp\ShipApp\ClientApp\dist\out-tsc\src\app\services\register\register.service.spec.js
C:\Users\sr90112\Desktop\ShipApp\ShipApp\ClientApp\dist\out-tsc\src\app\services\register\register.service.spec.js.map
C:\Users\sr90112\Desktop\ShipApp\ShipApp\ClientApp\dist\out-tsc\src\app\services\ship\ship.service.spec.js
C:\Users\sr90112\Desktop\ShipApp\ShipApp\ClientApp\dist\out-tsc\src\app\services\ship\ship.service.spec.js.map
C:\Users\sr90112\Desktop\ShipApp\ShipApp\ClientApp\dist\out-tsc\src\app\ship-add-edit\ship-add-edit.component.spec.js
C:\Users\sr90112\Desktop\ShipApp\ShipApp\ClientApp\dist\out-tsc\src\app\ship-add-edit\ship-add-edit.component.spec.js.map
C:\Users\sr90112\Desktop\ShipApp\ShipApp\ClientApp\dist\out-tsc\src\app\ships\ships.component.spec.js
C:\Users\sr90112\Desktop\ShipApp\ShipApp\ClientApp\dist\out-tsc\src\app\ships\ships.component.spec.js.map
C:\Users\sr90112\Desktop\ShipApp\ShipApp\ClientApp\dist\out-tsc\src\environments\environment.prod.js
C:\Users\sr90112\Desktop\ShipApp\ShipApp\ClientApp\dist\out-tsc\src\environments\environment.prod.js.map
